生成启动时间为 2015/7/30 15:46:19。
     1>项目“C:\Users\zhaoyiming\Visual Studio 2013\Projects\Project25\Project25\Project25.vcxproj”在节点 2 上(Build 个目标)。
     1>ClCompile:
         C:\Program Files (x86)\Microsoft Visual Studio 12.0\VC\bin\CL.exe /c /ZI /nologo /W3 /WX- /sdl /Od /Oy- /D _MBCS /Gm /EHsc /RTC1 /MDd /GS /fp:precise /Zc:wchar_t /Zc:forScope /Fo"Debug\\" /Fd"Debug\vc120.pdb" /Gd /TP /analyze- /errorReport:prompt in.cpp
         in.cpp
       Link:
         C:\Program Files (x86)\Microsoft Visual Studio 12.0\VC\bin\link.exe /ERRORREPORT:PROMPT /OUT:"C:\Users\zhaoyiming\Visual Studio 2013\Projects\Project25\Debug\Project25.exe" /INCREMENTAL /NOLOGO kernel32.lib user32.lib gdi32.lib winspool.lib comdlg32.lib advapi32.lib shell32.lib ole32.lib oleaut32.lib uuid.lib odbc32.lib odbccp32.lib /MANIFEST /MANIFESTUAC:"level='asInvoker' uiAccess='false'" /manifest:embed /DEBUG /PDB:"C:\Users\zhaoyiming\Visual Studio 2013\Projects\Project25\Debug\Project25.pdb" /TLBID:1 /DYNAMICBASE /NXCOMPAT /IMPLIB:"C:\Users\zhaoyiming\Visual Studio 2013\Projects\Project25\Debug\Project25.lib" /MACHINE:X86 Debug\back.obj
         Debug\back0.obj
         "Debug\find(stu).obj"
         Debug\findb.obj
         Debug\fresh.obj
         "Debug\in(stu).obj"
         "Debug\print(stu).obj"
         "Debug\read(stu).obj"
         Debug\read.obj
         "Debug\save(stu).obj"
         "Debug\源.obj"
         Debug\manage.obj
         Debug\in.obj
         Debug\del.obj
         Debug\add.obj
         Debug\change.obj
         Debug\find.obj
         Debug\print.obj
         Debug\login.obj
         Debug\student.obj
         Debug\borrow.obj
         Project25.vcxproj -> C:\Users\zhaoyiming\Visual Studio 2013\Projects\Project25\Debug\Project25.exe
     1>已完成生成项目“C:\Users\zhaoyiming\Visual Studio 2013\Projects\Project25\Project25\Project25.vcxproj”(Build 个目标)的操作。

生成成功。

已用时间 00:00:00.31
