c:\users\zhaoyiming\visual studio 2013\projects\project25\project25\debug\vc120.pdb
c:\users\zhaoyiming\visual studio 2013\projects\project25\project25\debug\vc120.idb
c:\users\zhaoyiming\visual studio 2013\projects\project25\project25\debug\back0.obj
c:\users\zhaoyiming\visual studio 2013\projects\project25\project25\debug\find(stu).obj
c:\users\zhaoyiming\visual studio 2013\projects\project25\project25\debug\findb.obj
c:\users\zhaoyiming\visual studio 2013\projects\project25\project25\debug\fresh.obj
c:\users\zhaoyiming\visual studio 2013\projects\project25\project25\debug\in(stu).obj
c:\users\zhaoyiming\visual studio 2013\projects\project25\project25\debug\print(stu).obj
c:\users\zhaoyiming\visual studio 2013\projects\project25\project25\debug\read(stu).obj
c:\users\zhaoyiming\visual studio 2013\projects\project25\project25\debug\read.obj
c:\users\zhaoyiming\visual studio 2013\projects\project25\project25\debug\save(stu).obj
c:\users\zhaoyiming\visual studio 2013\projects\project25\project25\debug\源.obj
c:\users\zhaoyiming\visual studio 2013\projects\project25\project25\debug\manage.obj
c:\users\zhaoyiming\visual studio 2013\projects\project25\project25\debug\in.obj
c:\users\zhaoyiming\visual studio 2013\projects\project25\project25\debug\del.obj
c:\users\zhaoyiming\visual studio 2013\projects\project25\project25\debug\add.obj
c:\users\zhaoyiming\visual studio 2013\projects\project25\project25\debug\change.obj
c:\users\zhaoyiming\visual studio 2013\projects\project25\project25\debug\find.obj
c:\users\zhaoyiming\visual studio 2013\projects\project25\project25\debug\print.obj
c:\users\zhaoyiming\visual studio 2013\projects\project25\project25\debug\login.obj
c:\users\zhaoyiming\visual studio 2013\projects\project25\project25\debug\student.obj
c:\users\zhaoyiming\visual studio 2013\projects\project25\project25\debug\borrow.obj
c:\users\zhaoyiming\visual studio 2013\projects\project25\project25\debug\back.obj
c:\users\zhaoyiming\visual studio 2013\projects\project25\debug\project25.ilk
c:\users\zhaoyiming\visual studio 2013\projects\project25\debug\project25.exe
c:\users\zhaoyiming\visual studio 2013\projects\project25\debug\project25.pdb
c:\users\zhaoyiming\visual studio 2013\projects\project25\project25\debug\project25.tlog\cl.command.1.tlog
c:\users\zhaoyiming\visual studio 2013\projects\project25\project25\debug\project25.tlog\cl.read.1.tlog
c:\users\zhaoyiming\visual studio 2013\projects\project25\project25\debug\project25.tlog\cl.write.1.tlog
c:\users\zhaoyiming\visual studio 2013\projects\project25\project25\debug\project25.tlog\link.command.1.tlog
c:\users\zhaoyiming\visual studio 2013\projects\project25\project25\debug\project25.tlog\link.read.1.tlog
c:\users\zhaoyiming\visual studio 2013\projects\project25\project25\debug\project25.tlog\link.write.1.tlog
